2016-12-06 17:32:05,801 [7] INFO  ServiceLoginLogger [(null)] - Login - LoginName: superadmin, Password: resetpass, ClientIP: ::1, ::1, Token: d230ce09-ac9d-4c49-b323-346f6d70f4af
2016-12-06 17:32:05,905 [8] INFO  LoginLogger [(null)] - Event: LoginByName; LoginName: superadmin; Password: resetpass; ProjectID: 15e903ec-8bac-4619-aaa2-03c7c12afcea; Token: d230ce09-ac9d-4c49-b323-346f6d70f4af; SessionID: 2tshj32xkxhdgn4ll1r4rad4; ClientIP: ::1, ::1; Success: True
2016-12-06 17:39:31,296 [20] INFO  ServiceLoginLogger [(null)] - Logout - LoginName: superadmin, Password: resetpass, ClientIP: ::1, ::1, Token: d230ce09-ac9d-4c49-b323-346f6d70f4af
2016-12-06 17:39:31,326 [8] INFO  LoginLogger [(null)] - Event: Logout; LoginName: superadmin; Password: resetpass; ProjectID: 15e903ec-8bac-4619-aaa2-03c7c12afcea; Token: d230ce09-ac9d-4c49-b323-346f6d70f4af; SessionID: 2tshj32xkxhdgn4ll1r4rad4; ClientIP: ::1, ::1; Success: 
2016-12-06 17:39:31,339 [19] INFO  ServiceLoginLogger [(null)] - Logout - LoginName: , Password: , ClientIP: ::1, ::1, Token: d230ce09-ac9d-4c49-b323-346f6d70f4af
2016-12-06 17:39:34,718 [8] INFO  ServiceLoginLogger [(null)] - Login - LoginName: org2, Password: 123456, ClientIP: ::1, ::1, Token: 4a20e2e0-eb0b-4a0b-ac27-24b0e3a362be
2016-12-06 17:39:34,770 [26] INFO  LoginLogger [(null)] - Event: LoginByName; LoginName: org2; Password: 123456; ProjectID: 15e903ec-8bac-4619-aaa2-03c7c12afcea; Token: 4a20e2e0-eb0b-4a0b-ac27-24b0e3a362be; SessionID: 2tshj32xkxhdgn4ll1r4rad4; ClientIP: ::1, ::1; Success: True
2016-12-06 17:49:23,264 [22] INFO  ServiceLoginLogger [(null)] - Logout - LoginName: org2, Password: 123456, ClientIP: ::1, ::1, Token: 4a20e2e0-eb0b-4a0b-ac27-24b0e3a362be
2016-12-06 17:49:23,279 [15] INFO  LoginLogger [(null)] - Event: Logout; LoginName: org2; Password: 123456; ProjectID: 15e903ec-8bac-4619-aaa2-03c7c12afcea; Token: 4a20e2e0-eb0b-4a0b-ac27-24b0e3a362be; SessionID: 2tshj32xkxhdgn4ll1r4rad4; ClientIP: ::1, ::1; Success: 
2016-12-06 17:49:23,286 [32] INFO  ServiceLoginLogger [(null)] - Logout - LoginName: , Password: , ClientIP: ::1, ::1, Token: 4a20e2e0-eb0b-4a0b-ac27-24b0e3a362be
2016-12-06 17:49:26,797 [25] INFO  ServiceLoginLogger [(null)] - Login - LoginName: Moe, Password: 123456, ClientIP: ::1, ::1, Token: 636c54d5-8274-47dd-96d1-49e352146667
2016-12-06 17:49:26,836 [16] INFO  LoginLogger [(null)] - Event: LoginByName; LoginName: Moe; Password: 123456; ProjectID: 15e903ec-8bac-4619-aaa2-03c7c12afcea; Token: 636c54d5-8274-47dd-96d1-49e352146667; SessionID: 2tshj32xkxhdgn4ll1r4rad4; ClientIP: ::1, ::1; Success: True
2016-12-06 17:55:20,324 [9] INFO  ServiceLoginLogger [(null)] - Logout - LoginName: Moe, Password: 123456, ClientIP: ::1, ::1, Token: 636c54d5-8274-47dd-96d1-49e352146667
2016-12-06 17:55:20,335 [15] INFO  LoginLogger [(null)] - Event: Logout; LoginName: Moe; Password: 123456; ProjectID: 15e903ec-8bac-4619-aaa2-03c7c12afcea; Token: 636c54d5-8274-47dd-96d1-49e352146667; SessionID: 2tshj32xkxhdgn4ll1r4rad4; ClientIP: ::1, ::1; Success: 
2016-12-06 17:55:20,342 [7] INFO  ServiceLoginLogger [(null)] - Logout - LoginName: , Password: , ClientIP: ::1, ::1, Token: 636c54d5-8274-47dd-96d1-49e352146667
2016-12-06 17:55:23,900 [35] INFO  ServiceLoginLogger [(null)] - Login - LoginName: org1, Password: 123456, ClientIP: ::1, ::1, Token: 4a9afc7d-2c77-4f13-862d-4b66eb458212
2016-12-06 17:55:23,934 [5] INFO  LoginLogger [(null)] - Event: LoginByName; LoginName: org1; Password: 123456; ProjectID: 15e903ec-8bac-4619-aaa2-03c7c12afcea; Token: 4a9afc7d-2c77-4f13-862d-4b66eb458212; SessionID: 2tshj32xkxhdgn4ll1r4rad4; ClientIP: ::1, ::1; Success: True
2016-12-06 20:29:24,304 [7] INFO  ServiceLoginLogger [(null)] - Login - LoginName: superadmin, Password: resetpass, ClientIP: ::1, ::1, Token: 6f6be3b8-8f40-4d9d-b9fe-b0504781a238
2016-12-06 20:29:24,383 [11] INFO  LoginLogger [(null)] - Event: LoginByName; LoginName: superadmin; Password: resetpass; ProjectID: 15e903ec-8bac-4619-aaa2-03c7c12afcea; Token: 6f6be3b8-8f40-4d9d-b9fe-b0504781a238; SessionID: 2tshj32xkxhdgn4ll1r4rad4; ClientIP: ::1, ::1; Success: True
2016-12-06 20:29:40,640 [8] INFO  ServiceLoginLogger [(null)] - Logout - LoginName: superadmin, Password: resetpass, ClientIP: ::1, ::1, Token: 6f6be3b8-8f40-4d9d-b9fe-b0504781a238
2016-12-06 20:29:40,662 [15] INFO  LoginLogger [(null)] - Event: Logout; LoginName: superadmin; Password: resetpass; ProjectID: 15e903ec-8bac-4619-aaa2-03c7c12afcea; Token: 6f6be3b8-8f40-4d9d-b9fe-b0504781a238; SessionID: 2tshj32xkxhdgn4ll1r4rad4; ClientIP: ::1, ::1; Success: 
2016-12-06 20:29:40,673 [5] INFO  ServiceLoginLogger [(null)] - Logout - LoginName: , Password: , ClientIP: ::1, ::1, Token: 6f6be3b8-8f40-4d9d-b9fe-b0504781a238
2016-12-06 20:29:43,695 [12] INFO  ServiceLoginLogger [(null)] - Login - LoginName: org1, Password: 123456, ClientIP: ::1, ::1, Token: 4dd11192-832a-4d4c-afeb-327ea53900e1
2016-12-06 20:29:43,743 [14] INFO  LoginLogger [(null)] - Event: LoginByName; LoginName: org1; Password: 123456; ProjectID: 15e903ec-8bac-4619-aaa2-03c7c12afcea; Token: 4dd11192-832a-4d4c-afeb-327ea53900e1; SessionID: 2tshj32xkxhdgn4ll1r4rad4; ClientIP: ::1, ::1; Success: True
