2017-01-05 15:15:40,220 [19] INFO  ServiceLoginLogger [(null)] - Login - LoginName: org1, Password: 123456, ClientIP: ::1, ::1, Token: 8566049e-a1c7-4da5-be39-cc7dfa12be33
2017-01-05 15:15:40,330 [13] INFO  LoginLogger [(null)] - Event: LoginByName; LoginName: org1; Password: 123456; ProjectID: 15e903ec-8bac-4619-aaa2-03c7c12afcea; Token: 8566049e-a1c7-4da5-be39-cc7dfa12be33; SessionID: kh4ng1zxtl2pjyeoei1lgj0g; ClientIP: ::1, ::1; Success: True
2017-01-05 15:16:24,361 [20] INFO  ServiceLoginLogger [(null)] - Login - LoginName: Moe, Password: 123456, ClientIP: ::1, ::1, Token: bf4f26bc-f30e-42ee-81da-1d08907a6429
2017-01-05 15:16:24,400 [7] INFO  LoginLogger [(null)] - Event: LoginByName; LoginName: Moe; Password: 123456; ProjectID: 15e903ec-8bac-4619-aaa2-03c7c12afcea; Token: bf4f26bc-f30e-42ee-81da-1d08907a6429; SessionID: kh4ng1zxtl2pjyeoei1lgj0g; ClientIP: ::1, ::1; Success: True
2017-01-05 15:19:04,036 [13] INFO  ServiceLoginLogger [(null)] - Login - LoginName: moe, Password: 123456, ClientIP: ::1, ::1, Token: bf4f26bc-f30e-42ee-81da-1d08907a6429
2017-01-05 15:19:04,079 [7] INFO  LoginLogger [(null)] - Event: LoginByName; LoginName: moe; Password: 123456; ProjectID: 15e903ec-8bac-4619-aaa2-03c7c12afcea; Token: bf4f26bc-f30e-42ee-81da-1d08907a6429; SessionID: rg32uvohn2vuht0tazypgxc5; ClientIP: ::1, ::1; Success: True
2017-01-05 15:19:24,913 [6] INFO  ServiceLoginLogger [(null)] - Logout - LoginName: Moe, Password: 123456, ClientIP: ::1, ::1, Token: bf4f26bc-f30e-42ee-81da-1d08907a6429
2017-01-05 15:19:24,940 [13] INFO  LoginLogger [(null)] - Event: Logout; LoginName: Moe; Password: 123456; ProjectID: 15e903ec-8bac-4619-aaa2-03c7c12afcea; Token: bf4f26bc-f30e-42ee-81da-1d08907a6429; SessionID: rg32uvohn2vuht0tazypgxc5; ClientIP: ::1, ::1; Success: 
2017-01-05 15:19:24,946 [18] INFO  ServiceLoginLogger [(null)] - Logout - LoginName: , Password: , ClientIP: ::1, ::1, Token: bf4f26bc-f30e-42ee-81da-1d08907a6429
2017-01-05 15:19:35,654 [19] INFO  ServiceLoginLogger [(null)] - Login - LoginName: superadmin, Password: resetpass, ClientIP: ::1, ::1, Token: 021a5104-439e-4b08-8e56-7b7855275754
2017-01-05 15:19:35,704 [18] INFO  LoginLogger [(null)] - Event: LoginByName; LoginName: superadmin; Password: resetpass; ProjectID: 15e903ec-8bac-4619-aaa2-03c7c12afcea; Token: 021a5104-439e-4b08-8e56-7b7855275754; SessionID: rg32uvohn2vuht0tazypgxc5; ClientIP: ::1, ::1; Success: True
2017-01-05 15:31:13,721 [27] INFO  ServiceLoginLogger [(null)] - Logout - LoginName: org1, Password: 123456, ClientIP: ::1, ::1, Token: 8566049e-a1c7-4da5-be39-cc7dfa12be33
2017-01-05 15:31:13,733 [20] INFO  LoginLogger [(null)] - Event: Logout; LoginName: Moe; Password: 123456; ProjectID: 15e903ec-8bac-4619-aaa2-03c7c12afcea; Token: bf4f26bc-f30e-42ee-81da-1d08907a6429; SessionID: kh4ng1zxtl2pjyeoei1lgj0g; ClientIP: ::1, ::1; Success: 
2017-01-05 15:31:13,738 [17] INFO  ServiceLoginLogger [(null)] - Logout - LoginName: , Password: , ClientIP: ::1, ::1, Token: bf4f26bc-f30e-42ee-81da-1d08907a6429
2017-01-05 15:31:23,077 [11] INFO  ServiceLoginLogger [(null)] - Login - LoginName: percomstar1@gmail.com, Password: 123, ClientIP: ::1, ::1, Token: 14ad5a21-c789-4bea-aced-7767eed69548
2017-01-05 15:31:23,127 [23] INFO  LoginLogger [(null)] - Event: LoginByName; LoginName: percomstar1@gmail.com; Password: 123; ProjectID: 15e903ec-8bac-4619-aaa2-03c7c12afcea; Token: 14ad5a21-c789-4bea-aced-7767eed69548; SessionID: kh4ng1zxtl2pjyeoei1lgj0g; ClientIP: ::1, ::1; Success: True
2017-01-05 15:36:53,768 [7] INFO  ServiceLoginLogger [(null)] - Logout - LoginName: percomstar1@gmail.com, Password: 123, ClientIP: ::1, ::1, Token: 14ad5a21-c789-4bea-aced-7767eed69548
2017-01-05 15:36:53,779 [21] INFO  LoginLogger [(null)] - Event: Logout; LoginName: percomstar1@gmail.com; Password: 123; ProjectID: 15e903ec-8bac-4619-aaa2-03c7c12afcea; Token: 14ad5a21-c789-4bea-aced-7767eed69548; SessionID: kh4ng1zxtl2pjyeoei1lgj0g; ClientIP: ::1, ::1; Success: 
2017-01-05 15:36:53,786 [11] INFO  ServiceLoginLogger [(null)] - Logout - LoginName: , Password: , ClientIP: ::1, ::1, Token: 14ad5a21-c789-4bea-aced-7767eed69548
2017-01-05 15:36:57,505 [24] INFO  ServiceLoginLogger [(null)] - Login - LoginName: org2, Password: 123456, ClientIP: ::1, ::1, Token: 66890fb9-209e-49ed-8c14-9d0bc601e56c
2017-01-05 15:36:57,539 [30] INFO  LoginLogger [(null)] - Event: LoginByName; LoginName: org2; Password: 123456; ProjectID: 15e903ec-8bac-4619-aaa2-03c7c12afcea; Token: 66890fb9-209e-49ed-8c14-9d0bc601e56c; SessionID: kh4ng1zxtl2pjyeoei1lgj0g; ClientIP: ::1, ::1; Success: True
2017-01-05 15:57:06,679 [7] INFO  ServiceLoginLogger [(null)] - Logout - LoginName: org2, Password: 123456, ClientIP: ::1, ::1, Token: 66890fb9-209e-49ed-8c14-9d0bc601e56c
2017-01-05 15:57:06,693 [13] INFO  LoginLogger [(null)] - Event: Logout; LoginName: org2; Password: 123456; ProjectID: 15e903ec-8bac-4619-aaa2-03c7c12afcea; Token: 66890fb9-209e-49ed-8c14-9d0bc601e56c; SessionID: kh4ng1zxtl2pjyeoei1lgj0g; ClientIP: ::1, ::1; Success: 
2017-01-05 15:57:06,700 [21] INFO  ServiceLoginLogger [(null)] - Logout - LoginName: , Password: , ClientIP: ::1, ::1, Token: 66890fb9-209e-49ed-8c14-9d0bc601e56c
2017-01-05 15:57:11,313 [27] INFO  ServiceLoginLogger [(null)] - Login - LoginName: Moe, Password: 123456, ClientIP: ::1, ::1, Token: 52868feb-f607-4df1-8e58-969ce69a0b26
2017-01-05 15:57:11,346 [22] INFO  LoginLogger [(null)] - Event: LoginByName; LoginName: Moe; Password: 123456; ProjectID: 15e903ec-8bac-4619-aaa2-03c7c12afcea; Token: 52868feb-f607-4df1-8e58-969ce69a0b26; SessionID: kh4ng1zxtl2pjyeoei1lgj0g; ClientIP: ::1, ::1; Success: True
