2016-12-05 23:30:10,591 [60] INFO  ServiceLoginLogger [(null)] - Logout - LoginName: superadmin, Password: resetpass, ClientIP: ::1, ::1, Token: 6bb619cd-ba22-4965-b307-3037810f747d
2016-12-05 23:30:13,704 [71] INFO  ServiceLoginLogger [(null)] - Login - LoginName: org1, Password: 123456, ClientIP: ::1, ::1, Token: da2e0bd4-28c0-42d2-972b-a036b727345f
2016-12-05 23:30:13,740 [86] INFO  LoginLogger [(null)] - Event: LoginByName; LoginName: org1; Password: 123456; ProjectID: 15e903ec-8bac-4619-aaa2-03c7c12afcea; Token: da2e0bd4-28c0-42d2-972b-a036b727345f; SessionID: 2tshj32xkxhdgn4ll1r4rad4; ClientIP: ::1, ::1; Success: True
2016-12-05 23:34:19,479 [71] INFO  ServiceLoginLogger [(null)] - Logout - LoginName: org1, Password: 123456, ClientIP: ::1, ::1, Token: da2e0bd4-28c0-42d2-972b-a036b727345f
2016-12-05 23:34:19,497 [70] INFO  LoginLogger [(null)] - Event: Logout; LoginName: org1; Password: 123456; ProjectID: 15e903ec-8bac-4619-aaa2-03c7c12afcea; Token: da2e0bd4-28c0-42d2-972b-a036b727345f; SessionID: 2tshj32xkxhdgn4ll1r4rad4; ClientIP: ::1, ::1; Success: 
2016-12-05 23:34:19,505 [83] INFO  ServiceLoginLogger [(null)] - Logout - LoginName: , Password: , ClientIP: ::1, ::1, Token: da2e0bd4-28c0-42d2-972b-a036b727345f
2016-12-05 23:34:23,084 [73] INFO  ServiceLoginLogger [(null)] - Login - LoginName: org2, Password: 123456, ClientIP: ::1, ::1, Token: c82ee20e-5558-4466-a0c9-be6c795732b3
2016-12-05 23:34:23,120 [60] INFO  LoginLogger [(null)] - Event: LoginByName; LoginName: org2; Password: 123456; ProjectID: 15e903ec-8bac-4619-aaa2-03c7c12afcea; Token: c82ee20e-5558-4466-a0c9-be6c795732b3; SessionID: 2tshj32xkxhdgn4ll1r4rad4; ClientIP: ::1, ::1; Success: True
2016-12-05 23:35:46,608 [73] INFO  ServiceLoginLogger [(null)] - Logout - LoginName: org2, Password: 123456, ClientIP: ::1, ::1, Token: c82ee20e-5558-4466-a0c9-be6c795732b3
2016-12-05 23:35:46,618 [79] INFO  LoginLogger [(null)] - Event: Logout; LoginName: org2; Password: 123456; ProjectID: 15e903ec-8bac-4619-aaa2-03c7c12afcea; Token: c82ee20e-5558-4466-a0c9-be6c795732b3; SessionID: 2tshj32xkxhdgn4ll1r4rad4; ClientIP: ::1, ::1; Success: 
2016-12-05 23:35:46,624 [70] INFO  ServiceLoginLogger [(null)] - Logout - LoginName: , Password: , ClientIP: ::1, ::1, Token: c82ee20e-5558-4466-a0c9-be6c795732b3
2016-12-05 23:35:50,874 [69] INFO  ServiceLoginLogger [(null)] - Login - LoginName: org3, Password: 123456, ClientIP: ::1, ::1, Token: a6a5680d-d8be-4aca-bd0b-e8daa0f75b05
2016-12-05 23:35:50,908 [60] INFO  LoginLogger [(null)] - Event: LoginByName; LoginName: org3; Password: 123456; ProjectID: 15e903ec-8bac-4619-aaa2-03c7c12afcea; Token: a6a5680d-d8be-4aca-bd0b-e8daa0f75b05; SessionID: 2tshj32xkxhdgn4ll1r4rad4; ClientIP: ::1, ::1; Success: True
2016-12-05 23:41:04,941 [88] INFO  ServiceLoginLogger [(null)] - Logout - LoginName: org3, Password: 123456, ClientIP: ::1, ::1, Token: a6a5680d-d8be-4aca-bd0b-e8daa0f75b05
2016-12-05 23:41:04,958 [73] INFO  LoginLogger [(null)] - Event: Logout; LoginName: org3; Password: 123456; ProjectID: 15e903ec-8bac-4619-aaa2-03c7c12afcea; Token: a6a5680d-d8be-4aca-bd0b-e8daa0f75b05; SessionID: 2tshj32xkxhdgn4ll1r4rad4; ClientIP: ::1, ::1; Success: 
2016-12-05 23:41:04,966 [69] INFO  ServiceLoginLogger [(null)] - Logout - LoginName: , Password: , ClientIP: ::1, ::1, Token: a6a5680d-d8be-4aca-bd0b-e8daa0f75b05
2016-12-05 23:41:08,683 [74] INFO  ServiceLoginLogger [(null)] - Login - LoginName: Moe, Password: 123456, ClientIP: ::1, ::1, Token: 3d09f67d-6396-4554-90ca-54265784ee32
2016-12-05 23:41:08,721 [88] INFO  LoginLogger [(null)] - Event: LoginByName; LoginName: Moe; Password: 123456; ProjectID: 15e903ec-8bac-4619-aaa2-03c7c12afcea; Token: 3d09f67d-6396-4554-90ca-54265784ee32; SessionID: 2tshj32xkxhdgn4ll1r4rad4; ClientIP: ::1, ::1; Success: True
2016-12-05 23:42:03,615 [73] INFO  ServiceLoginLogger [(null)] - Logout - LoginName: Moe, Password: 123456, ClientIP: ::1, ::1, Token: 3d09f67d-6396-4554-90ca-54265784ee32
2016-12-05 23:42:03,625 [72] INFO  LoginLogger [(null)] - Event: Logout; LoginName: Moe; Password: 123456; ProjectID: 15e903ec-8bac-4619-aaa2-03c7c12afcea; Token: 3d09f67d-6396-4554-90ca-54265784ee32; SessionID: 2tshj32xkxhdgn4ll1r4rad4; ClientIP: ::1, ::1; Success: 
2016-12-05 23:42:03,630 [70] INFO  ServiceLoginLogger [(null)] - Logout - LoginName: , Password: , ClientIP: ::1, ::1, Token: 3d09f67d-6396-4554-90ca-54265784ee32
2016-12-05 23:42:07,075 [70] INFO  ServiceLoginLogger [(null)] - Login - LoginName: org1, Password: 123456, ClientIP: ::1, ::1, Token: fa234f72-00d8-43e3-a0e3-569a316d6117
2016-12-05 23:42:07,110 [73] INFO  LoginLogger [(null)] - Event: LoginByName; LoginName: org1; Password: 123456; ProjectID: 15e903ec-8bac-4619-aaa2-03c7c12afcea; Token: fa234f72-00d8-43e3-a0e3-569a316d6117; SessionID: 2tshj32xkxhdgn4ll1r4rad4; ClientIP: ::1, ::1; Success: True
