2016-12-05 19:07:07,588 [15] INFO  LoginLogger [(null)] - Event: LoginByToken; LoginName: superadmin; Password: resetpass; ProjectID: 15e903ec-8bac-4619-aaa2-03c7c12afcea; Token: 0ed29953-a6d3-4812-8cdb-9e16fb62ee73; SessionID: 2tshj32xkxhdgn4ll1r4rad4; ClientIP: ::1, ::1; Success: True
2016-12-05 19:18:21,620 [5] INFO  LoginLogger [(null)] - Event: LoginByToken; LoginName: superadmin; Password: resetpass; ProjectID: 15e903ec-8bac-4619-aaa2-03c7c12afcea; Token: 0ed29953-a6d3-4812-8cdb-9e16fb62ee73; SessionID: 2tshj32xkxhdgn4ll1r4rad4; ClientIP: ::1, ::1; Success: True
2016-12-05 19:44:13,431 [6] INFO  LoginLogger [(null)] - Event: LoginByToken; LoginName: superadmin; Password: resetpass; ProjectID: 15e903ec-8bac-4619-aaa2-03c7c12afcea; Token: 0ed29953-a6d3-4812-8cdb-9e16fb62ee73; SessionID: 2tshj32xkxhdgn4ll1r4rad4; ClientIP: ::1, ::1; Success: True
2016-12-05 20:02:01,078 [8] INFO  ServiceLoginLogger [(null)] - Logout - LoginName: superadmin, Password: resetpass, ClientIP: ::1, ::1, Token: 0ed29953-a6d3-4812-8cdb-9e16fb62ee73
2016-12-05 20:02:01,809 [39] INFO  LoginLogger [(null)] - Event: Logout; LoginName: superadmin; Password: resetpass; ProjectID: 15e903ec-8bac-4619-aaa2-03c7c12afcea; Token: 0ed29953-a6d3-4812-8cdb-9e16fb62ee73; SessionID: 2tshj32xkxhdgn4ll1r4rad4; ClientIP: ::1, ::1; Success: 
2016-12-05 20:02:01,817 [52] INFO  ServiceLoginLogger [(null)] - Logout - LoginName: , Password: , ClientIP: ::1, ::1, Token: 0ed29953-a6d3-4812-8cdb-9e16fb62ee73
2016-12-05 20:02:11,911 [52] INFO  ServiceLoginLogger [(null)] - Login - LoginName: org1, Password: 123456, ClientIP: ::1, ::1, Token: a34cdcb9-d9d1-4833-9383-1bd928720273
2016-12-05 20:02:19,628 [51] INFO  LoginLogger [(null)] - Event: LoginByName; LoginName: org1; Password: 1234; ProjectID: 15e903ec-8bac-4619-aaa2-03c7c12afcea; Token: ; SessionID: 2tshj32xkxhdgn4ll1r4rad4; ClientIP: ::1, ::1; Success: False
2016-12-05 20:02:26,214 [48] INFO  ServiceLoginLogger [(null)] - Login - LoginName: org1, Password: 123456, ClientIP: ::1, ::1, Token: a34cdcb9-d9d1-4833-9383-1bd928720273
2016-12-05 20:02:40,194 [42] INFO  ServiceLoginLogger [(null)] - Login - LoginName: superadmin, Password: resetpass, ClientIP: ::1, ::1, Token: 91eab7a6-bcf5-4ae4-a901-27d8dc725495
2016-12-05 20:02:40,251 [47] INFO  LoginLogger [(null)] - Event: LoginByName; LoginName: superadmin; Password: resetpass; ProjectID: 15e903ec-8bac-4619-aaa2-03c7c12afcea; Token: 91eab7a6-bcf5-4ae4-a901-27d8dc725495; SessionID: 2tshj32xkxhdgn4ll1r4rad4; ClientIP: ::1, ::1; Success: True
2016-12-05 20:03:52,255 [8] INFO  ServiceLoginLogger [(null)] - Login - LoginName: org1, Password: 123456, ClientIP: ::1, ::1, Token: a34cdcb9-d9d1-4833-9383-1bd928720273
2016-12-05 20:03:55,670 [8] INFO  LoginLogger [(null)] - Event: LoginByToken; LoginName: superadmin; Password: resetpass; ProjectID: 15e903ec-8bac-4619-aaa2-03c7c12afcea; Token: 91eab7a6-bcf5-4ae4-a901-27d8dc725495; SessionID: 2tshj32xkxhdgn4ll1r4rad4; ClientIP: ::1, ::1; Success: True
2016-12-05 20:03:55,680 [44] INFO  ServiceLoginLogger [(null)] - Login - LoginName: org1, Password: 123456, ClientIP: ::1, ::1, Token: a34cdcb9-d9d1-4833-9383-1bd928720273
2016-12-05 20:03:57,347 [51] INFO  LoginLogger [(null)] - Event: LoginByToken; LoginName: superadmin; Password: resetpass; ProjectID: 15e903ec-8bac-4619-aaa2-03c7c12afcea; Token: 91eab7a6-bcf5-4ae4-a901-27d8dc725495; SessionID: 2tshj32xkxhdgn4ll1r4rad4; ClientIP: ::1, ::1; Success: True
2016-12-05 20:03:57,391 [41] INFO  ServiceLoginLogger [(null)] - Login - LoginName: org1, Password: 123456, ClientIP: ::1, ::1, Token: a34cdcb9-d9d1-4833-9383-1bd928720273
2016-12-05 20:03:58,283 [43] INFO  LoginLogger [(null)] - Event: LoginByToken; LoginName: superadmin; Password: resetpass; ProjectID: 15e903ec-8bac-4619-aaa2-03c7c12afcea; Token: 91eab7a6-bcf5-4ae4-a901-27d8dc725495; SessionID: 2tshj32xkxhdgn4ll1r4rad4; ClientIP: ::1, ::1; Success: True
2016-12-05 20:03:58,293 [8] INFO  ServiceLoginLogger [(null)] - Login - LoginName: org1, Password: 123456, ClientIP: ::1, ::1, Token: a34cdcb9-d9d1-4833-9383-1bd928720273
2016-12-05 20:03:58,976 [8] INFO  LoginLogger [(null)] - Event: LoginByToken; LoginName: superadmin; Password: resetpass; ProjectID: 15e903ec-8bac-4619-aaa2-03c7c12afcea; Token: 91eab7a6-bcf5-4ae4-a901-27d8dc725495; SessionID: 2tshj32xkxhdgn4ll1r4rad4; ClientIP: ::1, ::1; Success: True
2016-12-05 20:03:58,986 [41] INFO  ServiceLoginLogger [(null)] - Login - LoginName: org1, Password: 123456, ClientIP: ::1, ::1, Token: a34cdcb9-d9d1-4833-9383-1bd928720273
2016-12-05 20:03:59,603 [49] INFO  LoginLogger [(null)] - Event: LoginByToken; LoginName: superadmin; Password: resetpass; ProjectID: 15e903ec-8bac-4619-aaa2-03c7c12afcea; Token: 91eab7a6-bcf5-4ae4-a901-27d8dc725495; SessionID: 2tshj32xkxhdgn4ll1r4rad4; ClientIP: ::1, ::1; Success: True
2016-12-05 20:03:59,613 [44] INFO  ServiceLoginLogger [(null)] - Login - LoginName: org1, Password: 123456, ClientIP: ::1, ::1, Token: a34cdcb9-d9d1-4833-9383-1bd928720273
2016-12-05 20:04:05,765 [49] INFO  LoginLogger [(null)] - Event: LoginByToken; LoginName: superadmin; Password: resetpass; ProjectID: 15e903ec-8bac-4619-aaa2-03c7c12afcea; Token: 91eab7a6-bcf5-4ae4-a901-27d8dc725495; SessionID: 2tshj32xkxhdgn4ll1r4rad4; ClientIP: ::1, ::1; Success: True
2016-12-05 20:04:05,787 [33] INFO  ServiceLoginLogger [(null)] - Login - LoginName: org1, Password: 123456, ClientIP: ::1, ::1, Token: a34cdcb9-d9d1-4833-9383-1bd928720273
2016-12-05 20:04:11,402 [38] INFO  LoginLogger [(null)] - Event: LoginByToken; LoginName: superadmin; Password: resetpass; ProjectID: 15e903ec-8bac-4619-aaa2-03c7c12afcea; Token: 91eab7a6-bcf5-4ae4-a901-27d8dc725495; SessionID: 2tshj32xkxhdgn4ll1r4rad4; ClientIP: ::1, ::1; Success: True
2016-12-05 20:04:11,408 [38] INFO  LoginLogger [(null)] - Event: LoginByName; LoginName: org1; Password: 123451; ProjectID: 15e903ec-8bac-4619-aaa2-03c7c12afcea; Token: ; SessionID: 2tshj32xkxhdgn4ll1r4rad4; ClientIP: ::1, ::1; Success: False
2016-12-05 20:04:12,365 [45] INFO  LoginLogger [(null)] - Event: LoginByToken; LoginName: superadmin; Password: resetpass; ProjectID: 15e903ec-8bac-4619-aaa2-03c7c12afcea; Token: 91eab7a6-bcf5-4ae4-a901-27d8dc725495; SessionID: 2tshj32xkxhdgn4ll1r4rad4; ClientIP: ::1, ::1; Success: True
2016-12-05 20:04:12,374 [43] INFO  ServiceLoginLogger [(null)] - Login - LoginName: org1, Password: 123456, ClientIP: ::1, ::1, Token: a34cdcb9-d9d1-4833-9383-1bd928720273
2016-12-05 20:04:13,044 [35] INFO  LoginLogger [(null)] - Event: LoginByToken; LoginName: superadmin; Password: resetpass; ProjectID: 15e903ec-8bac-4619-aaa2-03c7c12afcea; Token: 91eab7a6-bcf5-4ae4-a901-27d8dc725495; SessionID: 2tshj32xkxhdgn4ll1r4rad4; ClientIP: ::1, ::1; Success: True
2016-12-05 20:04:13,062 [49] INFO  ServiceLoginLogger [(null)] - Login - LoginName: org1, Password: 123456, ClientIP: ::1, ::1, Token: a34cdcb9-d9d1-4833-9383-1bd928720273
2016-12-05 20:04:17,844 [31] INFO  LoginLogger [(null)] - Event: LoginByToken; LoginName: superadmin; Password: resetpass; ProjectID: 15e903ec-8bac-4619-aaa2-03c7c12afcea; Token: 91eab7a6-bcf5-4ae4-a901-27d8dc725495; SessionID: 2tshj32xkxhdgn4ll1r4rad4; ClientIP: ::1, ::1; Success: True
2016-12-05 20:04:17,854 [33] INFO  ServiceLoginLogger [(null)] - Login - LoginName: org1, Password: 123456, ClientIP: ::1, ::1, Token: a34cdcb9-d9d1-4833-9383-1bd928720273
2016-12-05 20:06:28,768 [51] INFO  LoginLogger [(null)] - Event: LoginByToken; LoginName: superadmin; Password: resetpass; ProjectID: 15e903ec-8bac-4619-aaa2-03c7c12afcea; Token: 91eab7a6-bcf5-4ae4-a901-27d8dc725495; SessionID: 2tshj32xkxhdgn4ll1r4rad4; ClientIP: ::1, ::1; Success: True
2016-12-05 20:06:28,779 [8] INFO  ServiceLoginLogger [(null)] - Login - LoginName: org1, Password: 123456, ClientIP: ::1, ::1, Token: a34cdcb9-d9d1-4833-9383-1bd928720273
2016-12-05 20:06:45,585 [8] INFO  LoginLogger [(null)] - Event: LoginByToken; LoginName: superadmin; Password: resetpass; ProjectID: 15e903ec-8bac-4619-aaa2-03c7c12afcea; Token: 91eab7a6-bcf5-4ae4-a901-27d8dc725495; SessionID: 2tshj32xkxhdgn4ll1r4rad4; ClientIP: ::1, ::1; Success: True
2016-12-05 20:06:49,097 [44] INFO  ServiceLoginLogger [(null)] - Login - LoginName: org1, Password: 123456, ClientIP: ::1, ::1, Token: a34cdcb9-d9d1-4833-9383-1bd928720273
2016-12-05 20:07:16,799 [8] INFO  LoginLogger [(null)] - Event: LoginByToken; LoginName: superadmin; Password: resetpass; ProjectID: 15e903ec-8bac-4619-aaa2-03c7c12afcea; Token: 91eab7a6-bcf5-4ae4-a901-27d8dc725495; SessionID: 2tshj32xkxhdgn4ll1r4rad4; ClientIP: ::1, ::1; Success: True
2016-12-05 20:07:48,001 [43] INFO  ServiceLoginLogger [(null)] - Login - LoginName: org1, Password: 123456, ClientIP: ::1, ::1, Token: a34cdcb9-d9d1-4833-9383-1bd928720273
2016-12-05 20:09:08,553 [24] INFO  LoginLogger [(null)] - Event: LoginByToken; LoginName: superadmin; Password: resetpass; ProjectID: 15e903ec-8bac-4619-aaa2-03c7c12afcea; Token: 91eab7a6-bcf5-4ae4-a901-27d8dc725495; SessionID: 2tshj32xkxhdgn4ll1r4rad4; ClientIP: ::1, ::1; Success: True
2016-12-05 20:09:14,271 [40] INFO  ServiceLoginLogger [(null)] - Login - LoginName: org1, Password: 123456, ClientIP: ::1, ::1, Token: a34cdcb9-d9d1-4833-9383-1bd928720273
2016-12-05 20:10:37,212 [20] INFO  LoginLogger [(null)] - Event: LoginByToken; LoginName: superadmin; Password: resetpass; ProjectID: 15e903ec-8bac-4619-aaa2-03c7c12afcea; Token: 91eab7a6-bcf5-4ae4-a901-27d8dc725495; SessionID: 2tshj32xkxhdgn4ll1r4rad4; ClientIP: ::1, ::1; Success: True
2016-12-05 20:10:37,293 [13] INFO  ServiceLoginLogger [(null)] - Login - LoginName: org1, Password: 123456, ClientIP: ::1, ::1, Token: a34cdcb9-d9d1-4833-9383-1bd928720273
2016-12-05 20:10:37,344 [20] INFO  LoginLogger [(null)] - Event: LoginByName; LoginName: org1; Password: 123456; ProjectID: 15e903ec-8bac-4619-aaa2-03c7c12afcea; Token: a34cdcb9-d9d1-4833-9383-1bd928720273; SessionID: 2tshj32xkxhdgn4ll1r4rad4; ClientIP: ::1, ::1; Success: True
2016-12-05 20:18:02,379 [9] INFO  ServiceLoginLogger [(null)] - Login - LoginName: superadmin, Password: resetpass, ClientIP: ::1, ::1, Token: 91eab7a6-bcf5-4ae4-a901-27d8dc725495
2016-12-05 20:18:02,415 [14] INFO  LoginLogger [(null)] - Event: LoginByName; LoginName: superadmin; Password: resetpass; ProjectID: 15e903ec-8bac-4619-aaa2-03c7c12afcea; Token: 91eab7a6-bcf5-4ae4-a901-27d8dc725495; SessionID: hxhiwqchhxkaarnh3zalniob; ClientIP: ::1, ::1; Success: True
2016-12-05 20:23:39,191 [8] INFO  ServiceLoginLogger [(null)] - Logout - LoginName: org1, Password: 123456, ClientIP: ::1, ::1, Token: a34cdcb9-d9d1-4833-9383-1bd928720273
2016-12-05 20:23:39,218 [28] INFO  LoginLogger [(null)] - Event: Logout; LoginName: org1; Password: 123456; ProjectID: 15e903ec-8bac-4619-aaa2-03c7c12afcea; Token: a34cdcb9-d9d1-4833-9383-1bd928720273; SessionID: 2tshj32xkxhdgn4ll1r4rad4; ClientIP: ::1, ::1; Success: 
2016-12-05 20:23:39,227 [18] INFO  ServiceLoginLogger [(null)] - Logout - LoginName: , Password: , ClientIP: ::1, ::1, Token: a34cdcb9-d9d1-4833-9383-1bd928720273
2016-12-05 20:23:47,196 [34] INFO  ServiceLoginLogger [(null)] - Login - LoginName: org2, Password: 123456, ClientIP: ::1, ::1, Token: 8038fc5b-3c88-4411-b91b-6a9ae3a092ce
2016-12-05 20:23:47,238 [8] INFO  LoginLogger [(null)] - Event: LoginByName; LoginName: org2; Password: 123456; ProjectID: 15e903ec-8bac-4619-aaa2-03c7c12afcea; Token: 8038fc5b-3c88-4411-b91b-6a9ae3a092ce; SessionID: 2tshj32xkxhdgn4ll1r4rad4; ClientIP: ::1, ::1; Success: True
2016-12-05 20:24:20,934 [18] INFO  ServiceLoginLogger [(null)] - Logout - LoginName: org2, Password: 123456, ClientIP: ::1, ::1, Token: 8038fc5b-3c88-4411-b91b-6a9ae3a092ce
2016-12-05 20:24:20,944 [14] INFO  LoginLogger [(null)] - Event: Logout; LoginName: org2; Password: 123456; ProjectID: 15e903ec-8bac-4619-aaa2-03c7c12afcea; Token: 8038fc5b-3c88-4411-b91b-6a9ae3a092ce; SessionID: 2tshj32xkxhdgn4ll1r4rad4; ClientIP: ::1, ::1; Success: 
2016-12-05 20:24:20,950 [13] INFO  ServiceLoginLogger [(null)] - Logout - LoginName: , Password: , ClientIP: ::1, ::1, Token: 8038fc5b-3c88-4411-b91b-6a9ae3a092ce
2016-12-05 20:24:28,518 [16] INFO  ServiceLoginLogger [(null)] - Login - LoginName: org3, Password: 123456, ClientIP: ::1, ::1, Token: 7db600d0-3cba-49e9-8de7-678b7503af84
2016-12-05 20:24:28,552 [9] INFO  LoginLogger [(null)] - Event: LoginByName; LoginName: org3; Password: 123456; ProjectID: 15e903ec-8bac-4619-aaa2-03c7c12afcea; Token: 7db600d0-3cba-49e9-8de7-678b7503af84; SessionID: 2tshj32xkxhdgn4ll1r4rad4; ClientIP: ::1, ::1; Success: True
2016-12-05 20:24:59,401 [29] INFO  ServiceLoginLogger [(null)] - Logout - LoginName: org3, Password: 123456, ClientIP: ::1, ::1, Token: 7db600d0-3cba-49e9-8de7-678b7503af84
2016-12-05 20:24:59,411 [18] INFO  LoginLogger [(null)] - Event: Logout; LoginName: org3; Password: 123456; ProjectID: 15e903ec-8bac-4619-aaa2-03c7c12afcea; Token: 7db600d0-3cba-49e9-8de7-678b7503af84; SessionID: 2tshj32xkxhdgn4ll1r4rad4; ClientIP: ::1, ::1; Success: 
2016-12-05 20:24:59,416 [34] INFO  ServiceLoginLogger [(null)] - Logout - LoginName: , Password: , ClientIP: ::1, ::1, Token: 7db600d0-3cba-49e9-8de7-678b7503af84
2016-12-05 20:25:08,212 [38] INFO  ServiceLoginLogger [(null)] - Login - LoginName: Moe, Password: 123456, ClientIP: ::1, ::1, Token: dc9e13e5-68e5-4a04-8a7b-641f17804edc
2016-12-05 20:25:08,249 [13] INFO  LoginLogger [(null)] - Event: LoginByName; LoginName: Moe; Password: 123456; ProjectID: 15e903ec-8bac-4619-aaa2-03c7c12afcea; Token: dc9e13e5-68e5-4a04-8a7b-641f17804edc; SessionID: 2tshj32xkxhdgn4ll1r4rad4; ClientIP: ::1, ::1; Success: True
2016-12-05 21:44:38,811 [7] INFO  ServiceLoginLogger [(null)] - Login - LoginName: superadmin, Password: resetpass, ClientIP: ::1, ::1, Token: 6bb619cd-ba22-4965-b307-3037810f747d
2016-12-05 21:44:38,901 [10] INFO  LoginLogger [(null)] - Event: LoginByName; LoginName: superadmin; Password: resetpass; ProjectID: 15e903ec-8bac-4619-aaa2-03c7c12afcea; Token: 6bb619cd-ba22-4965-b307-3037810f747d; SessionID: 2tshj32xkxhdgn4ll1r4rad4; ClientIP: ::1, ::1; Success: True
